This is TeX, Version 3.14159265 (TeX Live 2019/Debian) (preloaded format=tex 2020.4.23)  22 MAY 2020 10:18
**/usr/share/texlive/texmf-dist/tex/plain/base/plain.tex
(/usr/share/texlive/texmf-dist/tex/plain/base/plain.tex
Preloading the plain format: codes, registers,
\maxdimen=\dimen10
\hideskip=\skip10
\centering=\skip11
\p@=\dimen11
\z@=\dimen12
\z@skip=\skip12
\voidb@x=\box10
 parameters,
\smallskipamount=\skip13
\medskipamount=\skip14
\bigskipamount=\skip15
\normalbaselineskip=\skip16
\normallineskip=\skip17
\normallineskiplimit=\dimen13
\jot=\dimen14
\interdisplaylinepenalty=\count23
\interfootnotelinepenalty=\count24
 fonts, more fonts,
\itfam=\fam4
\slfam=\fam5
\bffam=\fam6
\ttfam=\fam7

macros,
\strutbox=\box11
\mscount=\count25
\tabs=\box12
\tabsyet=\box13
\tabsdone=\box14
 math definitions,
\rootbox=\box15
\p@renwd=\dimen15
 output routines,
\headline=\toks10
\footline=\toks11
\footins=\insert254
\topins=\insert253
 hyphenation
(/usr/share/texlive/texmf-dist/tex/generic/hyphen/hyphen.tex
! Patterns can be loaded only by INITEX.
l.5 \patterns
             { % just type <return> if you're not using INITEX
? 
))
*
(Please type a command or say `\end')
*\end
No pages of output.
