This is TeX, Version 3.14159265 (TeX Live 2019/Debian) (preloaded format=tex 2020.4.23)  6 MAY 2020 09:01
**/home/sgasser/T^^c3^^a9l^^c3^^a9chargements/webman.tex
(/home/sgasser/T^^c3^^a9l^^c3^^a9chargements/webman.tex
(/usr/share/texlive/texmf-dist/tex/plain/knuth-lib/webmac.tex
\bak=\box16
\bakk=\box17
\ind=\count26
\pagewidth=\dimen16
\pageheight=\dimen17
\fullpageheight=\dimen18
\pageshift=\dimen19
\cont=\write0
\sbox=\box18
\lbox=\box19
) [1
\openout0 = `CONTENTS.tex'.

] [2] [3]
[4] [5] [6] [7] [8] [9] [10] [11] [12] [13] [14] [197] [198] [199] [200]
[201] [202] [203] [204] )
Output written on webman.dvi (22 pages, 111592 bytes).
